<?xml version="1.0" encoding="UTF-8"?>
<testng-results skipped="0" failed="0" total="1" passed="1">
  <reporter-output>
  </reporter-output>
  <suite name="Default suite" duration-ms="96757" started-at="2018-03-23T11:18:20Z" finished-at="2018-03-23T11:19:57Z">
    <groups>
    </groups>
    <test name="Default test" duration-ms="96757" started-at="2018-03-23T11:18:20Z" finished-at="2018-03-23T11:19:57Z">
      <class name="Testpages.Page2">
        <test-method status="PASS" signature="scenario2()[pri:0, instance:Testpages.Page2@42dafa95]" name="scenario2" duration-ms="96696" started-at="2018-03-23T16:48:20Z" finished-at="2018-03-23T16:49:57Z">
          <reporter-output>
          </reporter-output>
        </test-method> <!-- scenario2 -->
      </class> <!-- Testpages.Page2 -->
    </test> <!-- Default test -->
  </suite> <!-- Default suite -->
</testng-results>
