<?xml version="1.0" encoding="UTF-8"?>
<testng-results skipped="0" failed="0" total="1" passed="1">
  <reporter-output>
  </reporter-output>
  <suite name="Default suite" duration-ms="5312" started-at="2018-07-28T10:33:46Z" finished-at="2018-07-28T10:33:51Z">
    <groups>
    </groups>
    <test name="Default test" duration-ms="5312" started-at="2018-07-28T10:33:46Z" finished-at="2018-07-28T10:33:51Z">
      <class name="com.ab.onchip.UpdateXML">
        <test-method status="PASS" signature="enter()[pri:0, instance:com.ab.onchip.UpdateXML@1e88b3c]" name="enter" duration-ms="5232" started-at="2018-07-28T16:03:46Z" finished-at="2018-07-28T16:03:51Z">
          <reporter-output>
          </reporter-output>
        </test-method> <!-- enter -->
      </class> <!-- com.ab.onchip.UpdateXML -->
    </test> <!-- Default test -->
  </suite> <!-- Default suite -->
</testng-results>
