<?xml version="1.0" encoding="UTF-8"?>
<testng-results skipped="0" failed="0" ignored="0" total="1" passed="1">
  <reporter-output>
  </reporter-output>
  <suite name="Default suite" duration-ms="401" started-at="2017-10-04T10:40:33Z" finished-at="2017-10-04T10:40:34Z">
    <groups>
    </groups>
    <test name="Default test" duration-ms="401" started-at="2017-10-04T10:40:33Z" finished-at="2017-10-04T10:40:34Z">
      <class name="com.mk.onchip.XmlGenerator">
        <test-method status="PASS" signature="gen()[pri:0, instance:com.mk.onchip.XmlGenerator@48eff760]" name="gen" duration-ms="323" started-at="2017-10-04T16:10:33Z" finished-at="2017-10-04T16:10:34Z">
          <reporter-output>
          </reporter-output>
        </test-method> <!-- gen -->
      </class> <!-- com.mk.onchip.XmlGenerator -->
    </test> <!-- Default test -->
  </suite> <!-- Default suite -->
</testng-results>
