<?xml version="1.0" encoding="UTF-8"?>
<testng-results skipped="0" failed="0" total="1" passed="1">
  <reporter-output>
  </reporter-output>
  <suite name="Default suite" duration-ms="130443" started-at="2017-09-28T15:32:52Z" finished-at="2017-09-28T15:35:03Z">
    <groups>
    </groups>
    <test name="Default test" duration-ms="130443" started-at="2017-09-28T15:32:52Z" finished-at="2017-09-28T15:35:03Z">
      <class name="com.mk.onchip.Test1">
        <test-method status="PASS" signature="run()[pri:0, instance:com.mk.onchip.Test1@6f7fd0e6]" name="run" duration-ms="130342" started-at="2017-09-28T21:02:52Z" finished-at="2017-09-28T21:05:03Z">
          <reporter-output>
          </reporter-output>
        </test-method> <!-- run -->
      </class> <!-- com.mk.onchip.Test1 -->
    </test> <!-- Default test -->
  </suite> <!-- Default suite -->
</testng-results>
