<?xml version="1.0" encoding="UTF-8"?>
<testng-results skipped="0" failed="0" ignored="0" total="1" passed="1">
  <reporter-output>
  </reporter-output>
  <suite name="Default suite" duration-ms="4891" started-at="2018-06-21T17:55:44Z" finished-at="2018-06-21T17:55:49Z">
    <groups>
    </groups>
    <test name="Default test" duration-ms="4891" started-at="2018-06-21T17:55:44Z" finished-at="2018-06-21T17:55:49Z">
      <class name="com.qa.test.PostAPITest">
        <test-method status="PASS" signature="setUp()[pri:0, instance:com.qa.test.PostAPITest@548a9f61]" name="setUp" is-config="true" duration-ms="36" started-at="2018-06-21T17:55:44Z" finished-at="2018-06-21T17:55:44Z">
          <reporter-output>
          </reporter-output>
        </test-method> <!-- setUp -->
        <test-method status="PASS" signature="postAPITest()[pri:0, instance:com.qa.test.PostAPITest@548a9f61]" name="postAPITest" duration-ms="4781" started-at="2018-06-21T17:55:44Z" finished-at="2018-06-21T17:55:48Z">
          <reporter-output>
          </reporter-output>
        </test-method> <!-- postAPITest -->
      </class> <!-- com.qa.test.PostAPITest -->
    </test> <!-- Default test -->
  </suite> <!-- Default suite -->
</testng-results>
